2025-07-13T07:00:45: 
> fur-refer@1.0.0 test:teams:full
> npm run test:teams && firebase deploy --only hosting

2025-07-13T07:00:57: 2025-07-13T07:00:57: 
> fur-refer@1.0.0 test:teams:full
> npm run test:teams && firebase deploy --only hosting

2025-07-13T07:01:08: 2025-07-13T07:01:09: 
> fur-refer@1.0.0 test:teams:full
> npm run test:teams && firebase deploy --only hosting

2025-07-13T07:01:20: 2025-07-13T07:01:20: 
> fur-refer@1.0.0 test:teams:full
> npm run test:teams && firebase deploy --only hosting

2025-07-13T07:01:32: 2025-07-13T07:01:32: 
> fur-refer@1.0.0 test:teams:full
> npm run test:teams && firebase deploy --only hosting

2025-07-13T07:01:43: 2025-07-13T07:01:43: 2025-07-13T07:01:44: 
> fur-refer@1.0.0 test:teams:full
> npm run test:teams && firebase deploy --only hosting

2025-07-13T07:01:55: 2025-07-13T07:01:55: 
> fur-refer@1.0.0 test:teams:full
> npm run test:teams && firebase deploy --only hosting

2025-07-13T07:02:07: 2025-07-13T07:02:07: 
> fur-refer@1.0.0 test:teams:full
> npm run test:teams && firebase deploy --only hosting

2025-07-13T07:02:18: 2025-07-13T07:02:19: 
> fur-refer@1.0.0 test:teams:full
> npm run test:teams && firebase deploy --only hosting

2025-07-13T07:02:30: 2025-07-13T07:02:30: 
> fur-refer@1.0.0 test:teams:full
> npm run test:teams && firebase deploy --only hosting

2025-07-13T07:02:42: 2025-07-13T07:02:42: 
> fur-refer@1.0.0 test:teams:full
> npm run test:teams && firebase deploy --only hosting

2025-07-13T07:02:53: 2025-07-13T07:02:53: 2025-07-13T07:02:54: 
> fur-refer@1.0.0 test:teams:full
> npm run test:teams && firebase deploy --only hosting

2025-07-13T07:03:05: 2025-07-13T07:03:05: 
> fur-refer@1.0.0 test:teams:full
> npm run test:teams && firebase deploy --only hosting

2025-07-13T07:03:17: 2025-07-13T07:03:17: 
> fur-refer@1.0.0 test:teams:full
> npm run test:teams && firebase deploy --only hosting

2025-07-13T07:03:28: 2025-07-13T07:03:29: 
> fur-refer@1.0.0 test:teams:full
> npm run test:teams && firebase deploy --only hosting

2025-07-13T07:03:40: 2025-07-13T07:03:40: 
> fur-refer@1.0.0 test:teams:full
> npm run test:teams && firebase deploy --only hosting

2025-07-13T07:03:52: 2025-07-13T07:03:52: 
> fur-refer@1.0.0 test:teams:full
> npm run test:teams && firebase deploy --only hosting

2025-07-13T07:04:03: 2025-07-13T07:04:04: 
> fur-refer@1.0.0 test:teams:full
> npm run test:teams && firebase deploy --only hosting

2025-07-13T07:04:15: 2025-07-13T07:04:15: 
> fur-refer@1.0.0 test:teams:full
> npm run test:teams && firebase deploy --only hosting

2025-07-13T07:04:27: 2025-07-13T07:04:27: 
> fur-refer@1.0.0 test:teams:full
> npm run test:teams && firebase deploy --only hosting

2025-07-13T07:04:38: 2025-07-13T07:04:39: 
> fur-refer@1.0.0 test:teams:full
> npm run test:teams && firebase deploy --only hosting

2025-07-13T07:04:52: 2025-07-13T07:04:52: 
> fur-refer@1.0.0 test:teams:full
> npm run test:teams && firebase deploy --only hosting

2025-07-13T07:05:04: 2025-07-13T07:05:04: 2025-07-13T07:05:04: 
> fur-refer@1.0.0 test:teams:full
> npm run test:teams && firebase deploy --only hosting

2025-07-13T07:05:15: 2025-07-13T07:05:15: 
> fur-refer@1.0.0 test:teams:full
> npm run test:teams && firebase deploy --only hosting

2025-07-13T07:05:27: 2025-07-13T07:05:27: 2025-07-13T07:05:27: 
> fur-refer@1.0.0 test:teams:full
> npm run test:teams && firebase deploy --only hosting

2025-07-13T07:05:39: 2025-07-13T07:05:39: 2025-07-13T07:05:39: 
> fur-refer@1.0.0 test:teams:full
> npm run test:teams && firebase deploy --only hosting

2025-07-13T07:05:51: 2025-07-13T07:05:51: 2025-07-13T07:05:51: 
> fur-refer@1.0.0 test:teams:full
> npm run test:teams && firebase deploy --only hosting

2025-07-13T07:06:02: 2025-07-13T07:06:02: 
> fur-refer@1.0.0 test:teams:full
> npm run test:teams && firebase deploy --only hosting

2025-07-13T07:06:14: 2025-07-13T07:06:14: 
> fur-refer@1.0.0 test:teams:full
> npm run test:teams && firebase deploy --only hosting

2025-07-13T07:06:26: 2025-07-13T07:06:26: 
> fur-refer@1.0.0 test:teams:full
> npm run test:teams && firebase deploy --only hosting

2025-07-13T07:06:37: 2025-07-13T07:06:37: 
> fur-refer@1.0.0 test:teams:full
> npm run test:teams && firebase deploy --only hosting

2025-07-13T07:06:49: 2025-07-13T07:06:49: 
> fur-refer@1.0.0 test:teams:full
> npm run test:teams && firebase deploy --only hosting

2025-07-13T07:07:01: 2025-07-13T07:07:01: 
> fur-refer@1.0.0 test:teams:full
> npm run test:teams && firebase deploy --only hosting

2025-07-13T07:07:12: 2025-07-13T07:07:12: 
> fur-refer@1.0.0 test:teams:full
> npm run test:teams && firebase deploy --only hosting

2025-07-13T07:07:24: 2025-07-13T07:07:24: 
> fur-refer@1.0.0 test:teams:full
> npm run test:teams && firebase deploy --only hosting

2025-07-13T07:07:36: 2025-07-13T07:07:36: 
> fur-refer@1.0.0 test:teams:full
> npm run test:teams && firebase deploy --only hosting

2025-07-13T07:07:47: 2025-07-13T07:07:47: 
> fur-refer@1.0.0 test:teams:full
> npm run test:teams && firebase deploy --only hosting

2025-07-13T07:07:59: 2025-07-13T07:07:59: 2025-07-13T07:07:59: 
> fur-refer@1.0.0 test:teams:full
> npm run test:teams && firebase deploy --only hosting

2025-07-13T07:08:11: 2025-07-13T07:08:11: 
> fur-refer@1.0.0 test:teams:full
> npm run test:teams && firebase deploy --only hosting

2025-07-13T07:08:22: 2025-07-13T07:08:23: 
> fur-refer@1.0.0 test:teams:full
> npm run test:teams && firebase deploy --only hosting

2025-07-13T07:08:34: 2025-07-13T07:08:34: 2025-07-13T07:08:34: 
> fur-refer@1.0.0 test:teams:full
> npm run test:teams && firebase deploy --only hosting

2025-07-13T07:08:46: 2025-07-13T07:08:46: 2025-07-13T07:08:46: 
> fur-refer@1.0.0 test:teams:full
> npm run test:teams && firebase deploy --only hosting

2025-07-13T07:08:58: 2025-07-13T07:08:58: 
> fur-refer@1.0.0 test:teams:full
> npm run test:teams && firebase deploy --only hosting

2025-07-13T07:09:09: 2025-07-13T07:09:09: 
> fur-refer@1.0.0 test:teams:full
> npm run test:teams && firebase deploy --only hosting

2025-07-13T07:09:21: 2025-07-13T07:09:21: 
> fur-refer@1.0.0 test:teams:full
> npm run test:teams && firebase deploy --only hosting

2025-07-13T07:09:33: 2025-07-13T07:09:33: 
> fur-refer@1.0.0 test:teams:full
> npm run test:teams && firebase deploy --only hosting

2025-07-13T07:09:44: 2025-07-13T07:09:44: 
> fur-refer@1.0.0 test:teams:full
> npm run test:teams && firebase deploy --only hosting

2025-07-13T07:09:56: 2025-07-13T07:09:56: 
> fur-refer@1.0.0 test:teams:full
> npm run test:teams && firebase deploy --only hosting

2025-07-13T07:10:08: 2025-07-13T07:10:08: 2025-07-13T07:10:08: 
> fur-refer@1.0.0 test:teams:full
> npm run test:teams && firebase deploy --only hosting

2025-07-13T07:10:19: 2025-07-13T07:10:19: 
> fur-refer@1.0.0 test:teams:full
> npm run test:teams && firebase deploy --only hosting

2025-07-13T07:10:31: 2025-07-13T07:10:31: 
> fur-refer@1.0.0 test:teams:full
> npm run test:teams && firebase deploy --only hosting

2025-07-13T07:10:43: 2025-07-13T07:10:43: 
> fur-refer@1.0.0 test:teams:full
> npm run test:teams && firebase deploy --only hosting

2025-07-13T07:10:55: 2025-07-13T07:10:55: 
> fur-refer@1.0.0 test:teams:full
> npm run test:teams && firebase deploy --only hosting

2025-07-13T07:11:06: 2025-07-13T07:11:06: 
> fur-refer@1.0.0 test:teams:full
> npm run test:teams && firebase deploy --only hosting

2025-07-13T07:11:18: 2025-07-13T07:11:18: 
> fur-refer@1.0.0 test:teams:full
> npm run test:teams && firebase deploy --only hosting

2025-07-13T07:11:30: 2025-07-13T07:11:30: 
> fur-refer@1.0.0 test:teams:full
> npm run test:teams && firebase deploy --only hosting

2025-07-13T07:11:41: 2025-07-13T07:11:42: 
> fur-refer@1.0.0 test:teams:full
> npm run test:teams && firebase deploy --only hosting

2025-07-13T07:11:53: 2025-07-13T07:11:53: 
> fur-refer@1.0.0 test:teams:full
> npm run test:teams && firebase deploy --only hosting

2025-07-13T07:12:05: 2025-07-13T07:12:05: 
> fur-refer@1.0.0 test:teams:full
> npm run test:teams && firebase deploy --only hosting

2025-07-13T07:12:17: 2025-07-13T07:12:17: 
> fur-refer@1.0.0 test:teams:full
> npm run test:teams && firebase deploy --only hosting

2025-07-13T07:12:28: 2025-07-13T07:12:28: 
> fur-refer@1.0.0 test:teams:full
> npm run test:teams && firebase deploy --only hosting

2025-07-13T07:12:40: 2025-07-13T07:12:40: 
> fur-refer@1.0.0 test:teams:full
> npm run test:teams && firebase deploy --only hosting

2025-07-13T07:12:52: 2025-07-13T07:12:52: 
> fur-refer@1.0.0 test:teams:full
> npm run test:teams && firebase deploy --only hosting

2025-07-13T07:13:03: 2025-07-13T07:13:03: 
> fur-refer@1.0.0 test:teams:full
> npm run test:teams && firebase deploy --only hosting

2025-07-13T07:13:15: 2025-07-13T07:13:15: 2025-07-13T07:13:15: 
> fur-refer@1.0.0 test:teams:full
> npm run test:teams && firebase deploy --only hosting

2025-07-13T07:13:27: 2025-07-13T07:13:27: 
> fur-refer@1.0.0 test:teams:full
> npm run test:teams && firebase deploy --only hosting

2025-07-13T07:13:38: 2025-07-13T07:13:38: 
> fur-refer@1.0.0 test:teams:full
> npm run test:teams && firebase deploy --only hosting

2025-07-13T07:13:50: 2025-07-13T07:13:50: 
> fur-refer@1.0.0 test:teams:full
> npm run test:teams && firebase deploy --only hosting

2025-07-13T07:14:02: 2025-07-13T07:14:02: 
> fur-refer@1.0.0 test:teams:full
> npm run test:teams && firebase deploy --only hosting

2025-07-13T07:14:13: 2025-07-13T07:14:13: 
> fur-refer@1.0.0 test:teams:full
> npm run test:teams && firebase deploy --only hosting

2025-07-13T07:14:25: 2025-07-13T07:14:25: 
> fur-refer@1.0.0 test:teams:full
> npm run test:teams && firebase deploy --only hosting

2025-07-13T07:14:37: 2025-07-13T07:14:37: 
> fur-refer@1.0.0 test:teams:full
> npm run test:teams && firebase deploy --only hosting

2025-07-13T07:14:49: 2025-07-13T07:14:49: 
> fur-refer@1.0.0 test:teams:full
> npm run test:teams && firebase deploy --only hosting

2025-07-13T07:15:00: 
> fur-refer@1.0.0 test:teams:full
> npm run test:teams && firebase deploy --only hosting

2025-07-13T07:15:11: 2025-07-13T07:15:11: 
> fur-refer@1.0.0 test:teams:full
> npm run test:teams && firebase deploy --only hosting

2025-07-13T07:15:23: 2025-07-13T07:15:23: 
> fur-refer@1.0.0 test:teams:full
> npm run test:teams && firebase deploy --only hosting

2025-07-13T07:15:35: 2025-07-13T07:15:35: 
> fur-refer@1.0.0 test:teams:full
> npm run test:teams && firebase deploy --only hosting

2025-07-13T07:15:47: 2025-07-13T07:15:47: 2025-07-13T07:15:47: 
> fur-refer@1.0.0 test:teams:full
> npm run test:teams && firebase deploy --only hosting

2025-07-13T07:15:58: 2025-07-13T07:15:58: 
> fur-refer@1.0.0 test:teams:full
> npm run test:teams && firebase deploy --only hosting

2025-07-13T07:16:10: 2025-07-13T07:16:10: 
> fur-refer@1.0.0 test:teams:full
> npm run test:teams && firebase deploy --only hosting

2025-07-13T07:16:22: 2025-07-13T07:16:22: 
> fur-refer@1.0.0 test:teams:full
> npm run test:teams && firebase deploy --only hosting

2025-07-13T07:16:34: 2025-07-13T07:16:34: 
> fur-refer@1.0.0 test:teams:full
> npm run test:teams && firebase deploy --only hosting

2025-07-13T07:16:45: 2025-07-13T07:16:46: 
> fur-refer@1.0.0 test:teams:full
> npm run test:teams && firebase deploy --only hosting

2025-07-13T07:16:57: 2025-07-13T07:16:57: 
> fur-refer@1.0.0 test:teams:full
> npm run test:teams && firebase deploy --only hosting

2025-07-13T07:17:09: 2025-07-13T07:17:09: 
> fur-refer@1.0.0 test:teams:full
> npm run test:teams && firebase deploy --only hosting

2025-07-13T07:17:21: 2025-07-13T07:17:21: 
> fur-refer@1.0.0 test:teams:full
> npm run test:teams && firebase deploy --only hosting

2025-07-13T07:17:32: 2025-07-13T07:17:32: 
> fur-refer@1.0.0 test:teams:full
> npm run test:teams && firebase deploy --only hosting

2025-07-13T07:17:44: 2025-07-13T07:17:44: 
> fur-refer@1.0.0 test:teams:full
> npm run test:teams && firebase deploy --only hosting

2025-07-13T07:17:56: 2025-07-13T07:17:56: 2025-07-13T07:17:56: 
> fur-refer@1.0.0 test:teams:full
> npm run test:teams && firebase deploy --only hosting

2025-07-13T07:18:08: 2025-07-13T07:18:08: 2025-07-13T07:18:08: 
> fur-refer@1.0.0 test:teams:full
> npm run test:teams && firebase deploy --only hosting

2025-07-13T07:18:19: 2025-07-13T07:18:19: 
> fur-refer@1.0.0 test:teams:full
> npm run test:teams && firebase deploy --only hosting

2025-07-13T07:18:31: 2025-07-13T07:18:31: 
> fur-refer@1.0.0 test:teams:full
> npm run test:teams && firebase deploy --only hosting

2025-07-13T07:18:43: 2025-07-13T07:18:43: 
> fur-refer@1.0.0 test:teams:full
> npm run test:teams && firebase deploy --only hosting

2025-07-13T07:18:54: 2025-07-13T07:18:55: 
> fur-refer@1.0.0 test:teams:full
> npm run test:teams && firebase deploy --only hosting

2025-07-13T07:19:06: 2025-07-13T07:19:06: 2025-07-13T07:19:06: 
> fur-refer@1.0.0 test:teams:full
> npm run test:teams && firebase deploy --only hosting

2025-07-13T07:19:18: 2025-07-13T07:19:18: 
> fur-refer@1.0.0 test:teams:full
> npm run test:teams && firebase deploy --only hosting

2025-07-13T07:19:30: 2025-07-13T07:19:30: 2025-07-13T07:19:30: 
> fur-refer@1.0.0 test:teams:full
> npm run test:teams && firebase deploy --only hosting

2025-07-13T07:19:41: 2025-07-13T07:19:41: 
> fur-refer@1.0.0 test:teams:full
> npm run test:teams && firebase deploy --only hosting

2025-07-13T07:19:53: 2025-07-13T07:19:53: 
> fur-refer@1.0.0 test:teams:full
> npm run test:teams && firebase deploy --only hosting

2025-07-13T07:20:05: 2025-07-13T07:20:05: 
> fur-refer@1.0.0 test:teams:full
> npm run test:teams && firebase deploy --only hosting

2025-07-13T07:20:17: 2025-07-13T07:20:17: 
> fur-refer@1.0.0 test:teams:full
> npm run test:teams && firebase deploy --only hosting

2025-07-13T07:20:28: 2025-07-13T07:20:28: 
> fur-refer@1.0.0 test:teams:full
> npm run test:teams && firebase deploy --only hosting

2025-07-13T07:20:40: 2025-07-13T07:20:40: 
> fur-refer@1.0.0 test:teams:full
> npm run test:teams && firebase deploy --only hosting

2025-07-13T07:20:52: 2025-07-13T07:20:52: 
> fur-refer@1.0.0 test:teams:full
> npm run test:teams && firebase deploy --only hosting

2025-07-13T07:21:03: 2025-07-13T07:21:03: 
> fur-refer@1.0.0 test:teams:full
> npm run test:teams && firebase deploy --only hosting

2025-07-13T07:21:15: 2025-07-13T07:21:15: 2025-07-13T07:21:15: 
> fur-refer@1.0.0 test:teams:full
> npm run test:teams && firebase deploy --only hosting

2025-07-13T07:21:27: 2025-07-13T07:21:27: 
> fur-refer@1.0.0 test:teams:full
> npm run test:teams && firebase deploy --only hosting

2025-07-13T07:21:38: 2025-07-13T07:21:38: 2025-07-13T07:21:38: 
> fur-refer@1.0.0 test:teams:full
> npm run test:teams && firebase deploy --only hosting

2025-07-13T07:21:50: 2025-07-13T07:21:50: 2025-07-13T07:21:50: 
> fur-refer@1.0.0 test:teams:full
> npm run test:teams && firebase deploy --only hosting

2025-07-13T07:22:02: 2025-07-13T07:22:02: 2025-07-13T07:22:02: 
> fur-refer@1.0.0 test:teams:full
> npm run test:teams && firebase deploy --only hosting

2025-07-13T07:22:16: 2025-07-13T07:22:16: 
> fur-refer@1.0.0 test:teams:full
> npm run test:teams && firebase deploy --only hosting

2025-07-13T07:22:27: 2025-07-13T07:22:27: 
> fur-refer@1.0.0 test:teams:full
> npm run test:teams && firebase deploy --only hosting

2025-07-13T07:22:39: 2025-07-13T07:22:39: 
> fur-refer@1.0.0 test:teams:full
> npm run test:teams && firebase deploy --only hosting

2025-07-13T07:22:51: 2025-07-13T07:22:51: 
> fur-refer@1.0.0 test:teams:full
> npm run test:teams && firebase deploy --only hosting

2025-07-13T07:23:02: 2025-07-13T07:23:02: 
> fur-refer@1.0.0 test:teams:full
> npm run test:teams && firebase deploy --only hosting

2025-07-13T07:23:14: 2025-07-13T07:23:14: 2025-07-13T07:23:14: 
> fur-refer@1.0.0 test:teams:full
> npm run test:teams && firebase deploy --only hosting

2025-07-13T07:23:26: 2025-07-13T07:23:26: 
> fur-refer@1.0.0 test:teams:full
> npm run test:teams && firebase deploy --only hosting

2025-07-13T07:23:37: 2025-07-13T07:23:37: 
> fur-refer@1.0.0 test:teams:full
> npm run test:teams && firebase deploy --only hosting

2025-07-13T07:23:49: 2025-07-13T07:23:49: 
> fur-refer@1.0.0 test:teams:full
> npm run test:teams && firebase deploy --only hosting

2025-07-13T07:24:01: 2025-07-13T07:24:01: 
> fur-refer@1.0.0 test:teams:full
> npm run test:teams && firebase deploy --only hosting

2025-07-13T07:24:12: 2025-07-13T07:24:12: 
> fur-refer@1.0.0 test:teams:full
> npm run test:teams && firebase deploy --only hosting

2025-07-13T07:24:24: 2025-07-13T07:24:24: 
> fur-refer@1.0.0 test:teams:full
> npm run test:teams && firebase deploy --only hosting

2025-07-13T07:24:36: 2025-07-13T07:24:36: 
> fur-refer@1.0.0 test:teams:full
> npm run test:teams && firebase deploy --only hosting

2025-07-13T07:24:47: 2025-07-13T07:24:47: 
> fur-refer@1.0.0 test:teams:full
> npm run test:teams && firebase deploy --only hosting

2025-07-13T07:24:59: 2025-07-13T07:24:59: 
> fur-refer@1.0.0 test:teams:full
> npm run test:teams && firebase deploy --only hosting

2025-07-13T07:25:11: 2025-07-13T07:25:11: 
> fur-refer@1.0.0 test:teams:full
> npm run test:teams && firebase deploy --only hosting

2025-07-13T07:25:22: 2025-07-13T07:25:22: 2025-07-13T07:25:22: 
> fur-refer@1.0.0 test:teams:full
> npm run test:teams && firebase deploy --only hosting

2025-07-13T07:25:34: 2025-07-13T07:25:34: 
> fur-refer@1.0.0 test:teams:full
> npm run test:teams && firebase deploy --only hosting

2025-07-13T07:25:46: 2025-07-13T07:25:46: 
> fur-refer@1.0.0 test:teams:full
> npm run test:teams && firebase deploy --only hosting

2025-07-13T07:25:57: 2025-07-13T07:25:57: 2025-07-13T07:25:57: 
> fur-refer@1.0.0 test:teams:full
> npm run test:teams && firebase deploy --only hosting

2025-07-13T07:26:09: 2025-07-13T07:26:09: 
> fur-refer@1.0.0 test:teams:full
> npm run test:teams && firebase deploy --only hosting

2025-07-13T07:26:21: 2025-07-13T07:26:21: 
> fur-refer@1.0.0 test:teams:full
> npm run test:teams && firebase deploy --only hosting

2025-07-13T07:26:33: 2025-07-13T07:26:33: 2025-07-13T07:26:33: 
> fur-refer@1.0.0 test:teams:full
> npm run test:teams && firebase deploy --only hosting

2025-07-13T07:26:44: 2025-07-13T07:26:44: 
> fur-refer@1.0.0 test:teams:full
> npm run test:teams && firebase deploy --only hosting

2025-07-13T07:26:56: 2025-07-13T07:26:56: 
> fur-refer@1.0.0 test:teams:full
> npm run test:teams && firebase deploy --only hosting

2025-07-13T07:27:08: 2025-07-13T07:27:08: 
> fur-refer@1.0.0 test:teams:full
> npm run test:teams && firebase deploy --only hosting

2025-07-13T07:27:19: 2025-07-13T07:27:19: 2025-07-13T07:27:19: 
> fur-refer@1.0.0 test:teams:full
> npm run test:teams && firebase deploy --only hosting

2025-07-13T07:27:31: 2025-07-13T07:27:31: 
> fur-refer@1.0.0 test:teams:full
> npm run test:teams && firebase deploy --only hosting

2025-07-13T07:27:43: 2025-07-13T07:27:43: 
> fur-refer@1.0.0 test:teams:full
> npm run test:teams && firebase deploy --only hosting

2025-07-13T07:27:54: 2025-07-13T07:27:54: 2025-07-13T07:27:55: 
> fur-refer@1.0.0 test:teams:full
> npm run test:teams && firebase deploy --only hosting

2025-07-13T07:28:06: 2025-07-13T07:28:06: 
> fur-refer@1.0.0 test:teams:full
> npm run test:teams && firebase deploy --only hosting

2025-07-13T07:28:18: 2025-07-13T07:28:18: 
> fur-refer@1.0.0 test:teams:full
> npm run test:teams && firebase deploy --only hosting

2025-07-13T07:28:30: 2025-07-13T07:28:30: 
> fur-refer@1.0.0 test:teams:full
> npm run test:teams && firebase deploy --only hosting

2025-07-13T07:28:42: 2025-07-13T07:28:42: 2025-07-13T07:28:42: 
> fur-refer@1.0.0 test:teams:full
> npm run test:teams && firebase deploy --only hosting

2025-07-13T07:28:53: 2025-07-13T07:28:53: 
> fur-refer@1.0.0 test:teams:full
> npm run test:teams && firebase deploy --only hosting

2025-07-13T07:29:05: 2025-07-13T07:29:05: 
> fur-refer@1.0.0 test:teams:full
> npm run test:teams && firebase deploy --only hosting

2025-07-13T07:29:17: 2025-07-13T07:29:17: 
> fur-refer@1.0.0 test:teams:full
> npm run test:teams && firebase deploy --only hosting

2025-07-13T07:29:28: 2025-07-13T07:29:28: 
> fur-refer@1.0.0 test:teams:full
> npm run test:teams && firebase deploy --only hosting

2025-07-13T07:29:40: 2025-07-13T07:29:40: 
> fur-refer@1.0.0 test:teams:full
> npm run test:teams && firebase deploy --only hosting

2025-07-13T07:29:52: 2025-07-13T07:29:52: 2025-07-13T07:29:52: 
> fur-refer@1.0.0 test:teams:full
> npm run test:teams && firebase deploy --only hosting

2025-07-13T07:30:00: 
> fur-refer@1.0.0 test:teams:full
> npm run test:teams && firebase deploy --only hosting

2025-07-13T07:30:11: 2025-07-13T07:30:11: 
> fur-refer@1.0.0 test:teams:full
> npm run test:teams && firebase deploy --only hosting

2025-07-13T07:30:23: 2025-07-13T07:30:23: 
> fur-refer@1.0.0 test:teams:full
> npm run test:teams && firebase deploy --only hosting

2025-07-13T07:30:35: 2025-07-13T07:30:35: 
> fur-refer@1.0.0 test:teams:full
> npm run test:teams && firebase deploy --only hosting

2025-07-13T07:30:46: 2025-07-13T07:30:46: 
> fur-refer@1.0.0 test:teams:full
> npm run test:teams && firebase deploy --only hosting

2025-07-13T07:30:58: 2025-07-13T07:30:58: 
> fur-refer@1.0.0 test:teams:full
> npm run test:teams && firebase deploy --only hosting

2025-07-13T07:31:10: 2025-07-13T07:31:10: 
> fur-refer@1.0.0 test:teams:full
> npm run test:teams && firebase deploy --only hosting

2025-07-13T07:31:21: 2025-07-13T07:31:22: 
> fur-refer@1.0.0 test:teams:full
> npm run test:teams && firebase deploy --only hosting

2025-07-13T07:31:33: 2025-07-13T07:31:33: 
> fur-refer@1.0.0 test:teams:full
> npm run test:teams && firebase deploy --only hosting

2025-07-13T07:31:45: 2025-07-13T07:31:45: 
> fur-refer@1.0.0 test:teams:full
> npm run test:teams && firebase deploy --only hosting

2025-07-13T07:31:57: 2025-07-13T07:31:57: 2025-07-13T07:31:57: 
> fur-refer@1.0.0 test:teams:full
> npm run test:teams && firebase deploy --only hosting

2025-07-13T07:32:08: 2025-07-13T07:32:08: 2025-07-13T07:32:08: 
> fur-refer@1.0.0 test:teams:full
> npm run test:teams && firebase deploy --only hosting

2025-07-13T07:32:20: 2025-07-13T07:32:20: 2025-07-13T07:32:20: 
> fur-refer@1.0.0 test:teams:full
> npm run test:teams && firebase deploy --only hosting

2025-07-13T07:32:32: 2025-07-13T07:32:32: 
> fur-refer@1.0.0 test:teams:full
> npm run test:teams && firebase deploy --only hosting

2025-07-13T07:32:43: 2025-07-13T07:32:43: 
> fur-refer@1.0.0 test:teams:full
> npm run test:teams && firebase deploy --only hosting

2025-07-13T07:32:55: 2025-07-13T07:32:55: 
> fur-refer@1.0.0 test:teams:full
> npm run test:teams && firebase deploy --only hosting

2025-07-13T07:33:07: 2025-07-13T07:33:07: 
> fur-refer@1.0.0 test:teams:full
> npm run test:teams && firebase deploy --only hosting

2025-07-13T07:33:18: 2025-07-13T07:33:18: 2025-07-13T07:33:18: 
> fur-refer@1.0.0 test:teams:full
> npm run test:teams && firebase deploy --only hosting

2025-07-13T07:33:30: 2025-07-13T07:33:30: 
> fur-refer@1.0.0 test:teams:full
> npm run test:teams && firebase deploy --only hosting

2025-07-13T07:33:42: 2025-07-13T07:33:42: 
> fur-refer@1.0.0 test:teams:full
> npm run test:teams && firebase deploy --only hosting

2025-07-13T07:33:53: 2025-07-13T07:33:53: 2025-07-13T07:33:54: 
> fur-refer@1.0.0 test:teams:full
> npm run test:teams && firebase deploy --only hosting

2025-07-13T07:34:05: 2025-07-13T07:34:05: 
> fur-refer@1.0.0 test:teams:full
> npm run test:teams && firebase deploy --only hosting

2025-07-13T07:34:17: 2025-07-13T07:34:17: 
> fur-refer@1.0.0 test:teams:full
> npm run test:teams && firebase deploy --only hosting

2025-07-13T07:34:29: 2025-07-13T07:34:29: 
> fur-refer@1.0.0 test:teams:full
> npm run test:teams && firebase deploy --only hosting

2025-07-13T07:34:40: 2025-07-13T07:34:40: 
> fur-refer@1.0.0 test:teams:full
> npm run test:teams && firebase deploy --only hosting

2025-07-13T07:34:52: 2025-07-13T07:34:52: 
> fur-refer@1.0.0 test:teams:full
> npm run test:teams && firebase deploy --only hosting

2025-07-13T07:35:04: 2025-07-13T07:35:04: 
> fur-refer@1.0.0 test:teams:full
> npm run test:teams && firebase deploy --only hosting

2025-07-13T07:35:15: 2025-07-13T07:35:15: 2025-07-13T07:35:15: 
> fur-refer@1.0.0 test:teams:full
> npm run test:teams && firebase deploy --only hosting

2025-07-13T07:35:27: 2025-07-13T07:35:27: 
> fur-refer@1.0.0 test:teams:full
> npm run test:teams && firebase deploy --only hosting

2025-07-13T07:35:39: 2025-07-13T07:35:39: 
> fur-refer@1.0.0 test:teams:full
> npm run test:teams && firebase deploy --only hosting

2025-07-13T07:35:50: 2025-07-13T07:35:51: 
> fur-refer@1.0.0 test:teams:full
> npm run test:teams && firebase deploy --only hosting

2025-07-13T07:36:02: 2025-07-13T07:36:02: 
> fur-refer@1.0.0 test:teams:full
> npm run test:teams && firebase deploy --only hosting

2025-07-13T07:36:14: 2025-07-13T07:36:14: 
> fur-refer@1.0.0 test:teams:full
> npm run test:teams && firebase deploy --only hosting

2025-07-13T07:36:26: 2025-07-13T07:36:26: 
> fur-refer@1.0.0 test:teams:full
> npm run test:teams && firebase deploy --only hosting

2025-07-13T07:36:37: 2025-07-13T07:36:37: 
> fur-refer@1.0.0 test:teams:full
> npm run test:teams && firebase deploy --only hosting

2025-07-13T07:36:49: 2025-07-13T07:36:49: 2025-07-13T07:36:49: 
> fur-refer@1.0.0 test:teams:full
> npm run test:teams && firebase deploy --only hosting

2025-07-13T07:37:01: 2025-07-13T07:37:01: 
> fur-refer@1.0.0 test:teams:full
> npm run test:teams && firebase deploy --only hosting

2025-07-13T07:37:12: 2025-07-13T07:37:12: 
> fur-refer@1.0.0 test:teams:full
> npm run test:teams && firebase deploy --only hosting

2025-07-13T07:37:24: 2025-07-13T07:37:24: 
> fur-refer@1.0.0 test:teams:full
> npm run test:teams && firebase deploy --only hosting

2025-07-13T07:37:36: 2025-07-13T07:37:36: 
> fur-refer@1.0.0 test:teams:full
> npm run test:teams && firebase deploy --only hosting

2025-07-13T07:37:48: 2025-07-13T07:37:48: 2025-07-13T07:37:48: 
> fur-refer@1.0.0 test:teams:full
> npm run test:teams && firebase deploy --only hosting

2025-07-13T07:37:59: 2025-07-13T07:37:59: 2025-07-13T07:37:59: 
> fur-refer@1.0.0 test:teams:full
> npm run test:teams && firebase deploy --only hosting

2025-07-13T07:38:11: 2025-07-13T07:38:11: 
> fur-refer@1.0.0 test:teams:full
> npm run test:teams && firebase deploy --only hosting

2025-07-13T07:38:23: 2025-07-13T07:38:23: 2025-07-13T07:38:23: 
> fur-refer@1.0.0 test:teams:full
> npm run test:teams && firebase deploy --only hosting

2025-07-13T07:38:35: 2025-07-13T07:38:35: 
> fur-refer@1.0.0 test:teams:full
> npm run test:teams && firebase deploy --only hosting

2025-07-13T07:38:46: 2025-07-13T07:38:47: 
> fur-refer@1.0.0 test:teams:full
> npm run test:teams && firebase deploy --only hosting

2025-07-13T07:38:58: 2025-07-13T07:38:58: 
> fur-refer@1.0.0 test:teams:full
> npm run test:teams && firebase deploy --only hosting

2025-07-13T07:39:10: 2025-07-13T07:39:10: 2025-07-13T07:39:10: 
> fur-refer@1.0.0 test:teams:full
> npm run test:teams && firebase deploy --only hosting

2025-07-13T07:39:22: 2025-07-13T07:39:22: 
> fur-refer@1.0.0 test:teams:full
> npm run test:teams && firebase deploy --only hosting

2025-07-13T07:39:34: 2025-07-13T07:39:34: 2025-07-13T07:39:34: 
> fur-refer@1.0.0 test:teams:full
> npm run test:teams && firebase deploy --only hosting

2025-07-13T07:39:45: 2025-07-13T07:39:45: 
> fur-refer@1.0.0 test:teams:full
> npm run test:teams && firebase deploy --only hosting

2025-07-13T07:39:57: 2025-07-13T07:39:57: 2025-07-13T07:39:57: 
> fur-refer@1.0.0 test:teams:full
> npm run test:teams && firebase deploy --only hosting

2025-07-13T07:40:09: 2025-07-13T07:40:09: 2025-07-13T07:40:09: 
> fur-refer@1.0.0 test:teams:full
> npm run test:teams && firebase deploy --only hosting

2025-07-13T07:40:20: 2025-07-13T07:40:20: 
> fur-refer@1.0.0 test:teams:full
> npm run test:teams && firebase deploy --only hosting

2025-07-13T07:40:32: 2025-07-13T07:40:32: 
> fur-refer@1.0.0 test:teams:full
> npm run test:teams && firebase deploy --only hosting

2025-07-13T07:40:44: 2025-07-13T07:40:44: 
> fur-refer@1.0.0 test:teams:full
> npm run test:teams && firebase deploy --only hosting

2025-07-13T07:40:55: 2025-07-13T07:40:56: 
> fur-refer@1.0.0 test:teams:full
> npm run test:teams && firebase deploy --only hosting

2025-07-13T07:41:07: 2025-07-13T07:41:07: 
> fur-refer@1.0.0 test:teams:full
> npm run test:teams && firebase deploy --only hosting

2025-07-13T07:41:19: 2025-07-13T07:41:19: 
> fur-refer@1.0.0 test:teams:full
> npm run test:teams && firebase deploy --only hosting

2025-07-13T07:41:31: 2025-07-13T07:41:31: 2025-07-13T07:41:31: 
> fur-refer@1.0.0 test:teams:full
> npm run test:teams && firebase deploy --only hosting

2025-07-13T07:41:43: 2025-07-13T07:41:43: 
> fur-refer@1.0.0 test:teams:full
> npm run test:teams && firebase deploy --only hosting

2025-07-13T07:41:54: 2025-07-13T07:41:54: 2025-07-13T07:41:54: 
> fur-refer@1.0.0 test:teams:full
> npm run test:teams && firebase deploy --only hosting

2025-07-13T07:42:06: 2025-07-13T07:42:06: 
> fur-refer@1.0.0 test:teams:full
> npm run test:teams && firebase deploy --only hosting

2025-07-13T07:42:18: 2025-07-13T07:42:18: 2025-07-13T07:42:18: 
> fur-refer@1.0.0 test:teams:full
> npm run test:teams && firebase deploy --only hosting

2025-07-13T07:42:29: 2025-07-13T07:42:29: 
> fur-refer@1.0.0 test:teams:full
> npm run test:teams && firebase deploy --only hosting

2025-07-13T07:42:41: 2025-07-13T07:42:41: 
> fur-refer@1.0.0 test:teams:full
> npm run test:teams && firebase deploy --only hosting

2025-07-13T07:42:53: 2025-07-13T07:42:53: 
> fur-refer@1.0.0 test:teams:full
> npm run test:teams && firebase deploy --only hosting

2025-07-13T07:43:05: 2025-07-13T07:43:05: 2025-07-13T07:43:05: 
> fur-refer@1.0.0 test:teams:full
> npm run test:teams && firebase deploy --only hosting

2025-07-13T07:43:16: 2025-07-13T07:43:16: 
> fur-refer@1.0.0 test:teams:full
> npm run test:teams && firebase deploy --only hosting

2025-07-13T07:43:28: 2025-07-13T07:43:28: 
> fur-refer@1.0.0 test:teams:full
> npm run test:teams && firebase deploy --only hosting

2025-07-13T07:43:40: 2025-07-13T07:43:40: 
> fur-refer@1.0.0 test:teams:full
> npm run test:teams && firebase deploy --only hosting

2025-07-13T07:43:51: 2025-07-13T07:43:51: 
> fur-refer@1.0.0 test:teams:full
> npm run test:teams && firebase deploy --only hosting

2025-07-13T07:44:03: 2025-07-13T07:44:03: 
> fur-refer@1.0.0 test:teams:full
> npm run test:teams && firebase deploy --only hosting

2025-07-13T07:44:15: 2025-07-13T07:44:15: 
> fur-refer@1.0.0 test:teams:full
> npm run test:teams && firebase deploy --only hosting

2025-07-13T07:44:26: 2025-07-13T07:44:26: 2025-07-13T07:44:26: 
> fur-refer@1.0.0 test:teams:full
> npm run test:teams && firebase deploy --only hosting

2025-07-13T07:44:38: 2025-07-13T07:44:38: 
> fur-refer@1.0.0 test:teams:full
> npm run test:teams && firebase deploy --only hosting

2025-07-13T07:44:50: 2025-07-13T07:44:50: 
> fur-refer@1.0.0 test:teams:full
> npm run test:teams && firebase deploy --only hosting

2025-07-13T07:45:00: 
> fur-refer@1.0.0 test:teams:full
> npm run test:teams && firebase deploy --only hosting

2025-07-13T07:45:11: 2025-07-13T07:45:11: 
> fur-refer@1.0.0 test:teams:full
> npm run test:teams && firebase deploy --only hosting

2025-07-13T07:45:23: 2025-07-13T07:45:23: 
> fur-refer@1.0.0 test:teams:full
> npm run test:teams && firebase deploy --only hosting

2025-07-13T07:45:37: 2025-07-13T07:45:37: 2025-07-13T07:45:37: 
> fur-refer@1.0.0 test:teams:full
> npm run test:teams && firebase deploy --only hosting

2025-07-13T07:45:49: 2025-07-13T07:45:49: 2025-07-13T07:45:49: 
> fur-refer@1.0.0 test:teams:full
> npm run test:teams && firebase deploy --only hosting

2025-07-13T07:46:00: 2025-07-13T07:46:01: 
> fur-refer@1.0.0 test:teams:full
> npm run test:teams && firebase deploy --only hosting

2025-07-13T07:46:12: 2025-07-13T07:46:12: 
> fur-refer@1.0.0 test:teams:full
> npm run test:teams && firebase deploy --only hosting

2025-07-13T07:46:24: 2025-07-13T07:46:24: 
> fur-refer@1.0.0 test:teams:full
> npm run test:teams && firebase deploy --only hosting

2025-07-13T07:46:36: 2025-07-13T07:46:36: 
> fur-refer@1.0.0 test:teams:full
> npm run test:teams && firebase deploy --only hosting

2025-07-13T07:46:47: 2025-07-13T07:46:47: 2025-07-13T07:46:47: 
> fur-refer@1.0.0 test:teams:full
> npm run test:teams && firebase deploy --only hosting

2025-07-13T07:46:59: 2025-07-13T07:46:59: 
> fur-refer@1.0.0 test:teams:full
> npm run test:teams && firebase deploy --only hosting

2025-07-13T07:47:11: 2025-07-13T07:47:11: 
> fur-refer@1.0.0 test:teams:full
> npm run test:teams && firebase deploy --only hosting

2025-07-13T07:47:22: 2025-07-13T07:47:22: 
> fur-refer@1.0.0 test:teams:full
> npm run test:teams && firebase deploy --only hosting

2025-07-13T07:47:34: 2025-07-13T07:47:34: 
> fur-refer@1.0.0 test:teams:full
> npm run test:teams && firebase deploy --only hosting

2025-07-13T07:47:46: 2025-07-13T07:47:46: 
> fur-refer@1.0.0 test:teams:full
> npm run test:teams && firebase deploy --only hosting

2025-07-13T07:47:57: 2025-07-13T07:47:57: 
> fur-refer@1.0.0 test:teams:full
> npm run test:teams && firebase deploy --only hosting

2025-07-13T07:48:09: 2025-07-13T07:48:09: 
> fur-refer@1.0.0 test:teams:full
> npm run test:teams && firebase deploy --only hosting

2025-07-13T07:48:43: 
> fur-refer@1.0.0 test:teams:full
> npm run test:teams && firebase deploy --only hosting

2025-07-13T07:48:54: 2025-07-13T07:48:54: 
> fur-refer@1.0.0 test:teams:full
> npm run test:teams && firebase deploy --only hosting

2025-07-13T07:49:06: 2025-07-13T07:49:06: 2025-07-13T07:49:06: 
> fur-refer@1.0.0 test:teams:full
> npm run test:teams && firebase deploy --only hosting

2025-07-13T07:49:18: 2025-07-13T07:49:18: 
> fur-refer@1.0.0 test:teams:full
> npm run test:teams && firebase deploy --only hosting

2025-07-13T07:49:30: 2025-07-13T07:49:30: 
> fur-refer@1.0.0 test:teams:full
> npm run test:teams && firebase deploy --only hosting

2025-07-13T07:49:41: 2025-07-13T07:49:41: 
> fur-refer@1.0.0 test:teams:full
> npm run test:teams && firebase deploy --only hosting

2025-07-13T07:49:53: 2025-07-13T07:49:53: 
> fur-refer@1.0.0 test:teams:full
> npm run test:teams && firebase deploy --only hosting

2025-07-13T07:50:04: 2025-07-13T07:50:05: 
> fur-refer@1.0.0 test:teams:full
> npm run test:teams && firebase deploy --only hosting

2025-07-13T07:50:16: 2025-07-13T07:50:16: 
> fur-refer@1.0.0 test:teams:full
> npm run test:teams && firebase deploy --only hosting

2025-07-13T07:50:28: 2025-07-13T07:50:28: 
> fur-refer@1.0.0 test:teams:full
> npm run test:teams && firebase deploy --only hosting

2025-07-13T07:50:40: 2025-07-13T07:50:40: 
> fur-refer@1.0.0 test:teams:full
> npm run test:teams && firebase deploy --only hosting

2025-07-13T07:50:51: 2025-07-13T07:50:51: 
> fur-refer@1.0.0 test:teams:full
> npm run test:teams && firebase deploy --only hosting

2025-07-13T07:51:03: 2025-07-13T07:51:03: 
> fur-refer@1.0.0 test:teams:full
> npm run test:teams && firebase deploy --only hosting

2025-07-13T07:51:15: 2025-07-13T07:51:15: 
> fur-refer@1.0.0 test:teams:full
> npm run test:teams && firebase deploy --only hosting

2025-07-13T07:51:26: 2025-07-13T07:51:26: 
> fur-refer@1.0.0 test:teams:full
> npm run test:teams && firebase deploy --only hosting

2025-07-13T07:51:38: 2025-07-13T07:51:38: 
> fur-refer@1.0.0 test:teams:full
> npm run test:teams && firebase deploy --only hosting

2025-07-13T07:51:50: 2025-07-13T07:51:50: 
> fur-refer@1.0.0 test:teams:full
> npm run test:teams && firebase deploy --only hosting

2025-07-13T07:52:01: 2025-07-13T07:52:01: 2025-07-13T07:52:02: 
> fur-refer@1.0.0 test:teams:full
> npm run test:teams && firebase deploy --only hosting

2025-07-13T07:52:13: 2025-07-13T07:52:13: 
> fur-refer@1.0.0 test:teams:full
> npm run test:teams && firebase deploy --only hosting

2025-07-13T07:52:25: 2025-07-13T07:52:25: 
> fur-refer@1.0.0 test:teams:full
> npm run test:teams && firebase deploy --only hosting

2025-07-13T07:52:37: 2025-07-13T07:52:37: 
> fur-refer@1.0.0 test:teams:full
> npm run test:teams && firebase deploy --only hosting

2025-07-13T07:52:49: 2025-07-13T07:52:49: 
> fur-refer@1.0.0 test:teams:full
> npm run test:teams && firebase deploy --only hosting

2025-07-13T07:53:00: 2025-07-13T07:53:00: 
> fur-refer@1.0.0 test:teams:full
> npm run test:teams && firebase deploy --only hosting

2025-07-13T07:53:12: 2025-07-13T07:53:12: 
> fur-refer@1.0.0 test:teams:full
> npm run test:teams && firebase deploy --only hosting

2025-07-13T07:53:24: 2025-07-13T07:53:24: 
> fur-refer@1.0.0 test:teams:full
> npm run test:teams && firebase deploy --only hosting

2025-07-13T07:53:36: 2025-07-13T07:53:36: 
> fur-refer@1.0.0 test:teams:full
> npm run test:teams && firebase deploy --only hosting

2025-07-13T07:53:47: 2025-07-13T07:53:47: 
> fur-refer@1.0.0 test:teams:full
> npm run test:teams && firebase deploy --only hosting

2025-07-13T07:53:59: 2025-07-13T07:53:59: 
> fur-refer@1.0.0 test:teams:full
> npm run test:teams && firebase deploy --only hosting

2025-07-13T07:54:11: 2025-07-13T07:54:11: 
> fur-refer@1.0.0 test:teams:full
> npm run test:teams && firebase deploy --only hosting

2025-07-13T07:54:22: 2025-07-13T07:54:22: 2025-07-13T07:54:22: 
> fur-refer@1.0.0 test:teams:full
> npm run test:teams && firebase deploy --only hosting

2025-07-13T07:54:34: 2025-07-13T07:54:34: 
> fur-refer@1.0.0 test:teams:full
> npm run test:teams && firebase deploy --only hosting

2025-07-13T07:54:46: 2025-07-13T07:54:46: 
> fur-refer@1.0.0 test:teams:full
> npm run test:teams && firebase deploy --only hosting

2025-07-13T07:54:57: 2025-07-13T07:54:58: 
> fur-refer@1.0.0 test:teams:full
> npm run test:teams && firebase deploy --only hosting

2025-07-13T07:55:09: 2025-07-13T07:55:09: 2025-07-13T07:55:09: 
> fur-refer@1.0.0 test:teams:full
> npm run test:teams && firebase deploy --only hosting

2025-07-13T07:55:21: 2025-07-13T07:55:21: 
> fur-refer@1.0.0 test:teams:full
> npm run test:teams && firebase deploy --only hosting

2025-07-13T07:55:33: 2025-07-13T07:55:33: 2025-07-13T07:55:33: 
> fur-refer@1.0.0 test:teams:full
> npm run test:teams && firebase deploy --only hosting

2025-07-13T07:55:44: 2025-07-13T07:55:44: 
> fur-refer@1.0.0 test:teams:full
> npm run test:teams && firebase deploy --only hosting

2025-07-13T07:55:56: 2025-07-13T07:55:56: 
> fur-refer@1.0.0 test:teams:full
> npm run test:teams && firebase deploy --only hosting

2025-07-13T07:56:08: 2025-07-13T07:56:08: 
> fur-refer@1.0.0 test:teams:full
> npm run test:teams && firebase deploy --only hosting

2025-07-13T07:56:19: 2025-07-13T07:56:19: 
> fur-refer@1.0.0 test:teams:full
> npm run test:teams && firebase deploy --only hosting

2025-07-13T07:56:31: 2025-07-13T07:56:31: 
> fur-refer@1.0.0 test:teams:full
> npm run test:teams && firebase deploy --only hosting

2025-07-13T07:56:43: 2025-07-13T07:56:43: 
> fur-refer@1.0.0 test:teams:full
> npm run test:teams && firebase deploy --only hosting

2025-07-13T07:56:54: 2025-07-13T07:56:55: 
> fur-refer@1.0.0 test:teams:full
> npm run test:teams && firebase deploy --only hosting

2025-07-13T07:57:06: 2025-07-13T07:57:06: 
> fur-refer@1.0.0 test:teams:full
> npm run test:teams && firebase deploy --only hosting

2025-07-13T07:57:18: 2025-07-13T07:57:18: 
> fur-refer@1.0.0 test:teams:full
> npm run test:teams && firebase deploy --only hosting

2025-07-13T07:57:30: 2025-07-13T07:57:30: 2025-07-13T07:57:30: 
> fur-refer@1.0.0 test:teams:full
> npm run test:teams && firebase deploy --only hosting

2025-07-13T07:57:41: 2025-07-13T07:57:41: 2025-07-13T07:57:41: 
> fur-refer@1.0.0 test:teams:full
> npm run test:teams && firebase deploy --only hosting

2025-07-13T07:57:53: 2025-07-13T07:57:53: 
> fur-refer@1.0.0 test:teams:full
> npm run test:teams && firebase deploy --only hosting

2025-07-13T07:58:05: 2025-07-13T07:58:05: 2025-07-13T07:58:05: 
> fur-refer@1.0.0 test:teams:full
> npm run test:teams && firebase deploy --only hosting

2025-07-13T07:58:16: 2025-07-13T07:58:16: 2025-07-13T07:58:16: 
> fur-refer@1.0.0 test:teams:full
> npm run test:teams && firebase deploy --only hosting

2025-07-13T07:58:28: 2025-07-13T07:58:28: 2025-07-13T07:58:28: 
> fur-refer@1.0.0 test:teams:full
> npm run test:teams && firebase deploy --only hosting

2025-07-13T07:58:40: 2025-07-13T07:58:40: 
> fur-refer@1.0.0 test:teams:full
> npm run test:teams && firebase deploy --only hosting

2025-07-13T07:58:51: 2025-07-13T07:58:51: 
> fur-refer@1.0.0 test:teams:full
> npm run test:teams && firebase deploy --only hosting

2025-07-13T07:59:03: 2025-07-13T07:59:03: 
> fur-refer@1.0.0 test:teams:full
> npm run test:teams && firebase deploy --only hosting

2025-07-13T07:59:15: 2025-07-13T07:59:15: 2025-07-13T07:59:15: 
> fur-refer@1.0.0 test:teams:full
> npm run test:teams && firebase deploy --only hosting

2025-07-13T07:59:26: 2025-07-13T07:59:26: 
> fur-refer@1.0.0 test:teams:full
> npm run test:teams && firebase deploy --only hosting

2025-07-13T07:59:38: 2025-07-13T07:59:38: 
> fur-refer@1.0.0 test:teams:full
> npm run test:teams && firebase deploy --only hosting

2025-07-13T07:59:50: 2025-07-13T07:59:50: 
> fur-refer@1.0.0 test:teams:full
> npm run test:teams && firebase deploy --only hosting

2025-07-13T08:00:00: 
> fur-refer@1.0.0 test:teams:full
> npm run test:teams && firebase deploy --only hosting

2025-07-13T08:00:11: 2025-07-13T08:00:11: 
> fur-refer@1.0.0 test:teams:full
> npm run test:teams && firebase deploy --only hosting

2025-07-13T08:00:23: 2025-07-13T08:00:23: 
> fur-refer@1.0.0 test:teams:full
> npm run test:teams && firebase deploy --only hosting

2025-07-13T08:00:35: 2025-07-13T08:00:35: 
> fur-refer@1.0.0 test:teams:full
> npm run test:teams && firebase deploy --only hosting

2025-07-13T08:00:46: 2025-07-13T08:00:46: 2025-07-13T08:00:46: 
> fur-refer@1.0.0 test:teams:full
> npm run test:teams && firebase deploy --only hosting

2025-07-13T08:00:58: 2025-07-13T08:00:58: 2025-07-13T08:00:58: 
> fur-refer@1.0.0 test:teams:full
> npm run test:teams && firebase deploy --only hosting

2025-07-13T08:01:10: 2025-07-13T08:01:10: 
> fur-refer@1.0.0 test:teams:full
> npm run test:teams && firebase deploy --only hosting

2025-07-13T08:01:21: 2025-07-13T08:01:21: 
> fur-refer@1.0.0 test:teams:full
> npm run test:teams && firebase deploy --only hosting

2025-07-13T08:01:33: 2025-07-13T08:01:33: 
> fur-refer@1.0.0 test:teams:full
> npm run test:teams && firebase deploy --only hosting

2025-07-13T08:01:45: 2025-07-13T08:01:45: 
> fur-refer@1.0.0 test:teams:full
> npm run test:teams && firebase deploy --only hosting

2025-07-13T08:01:56: 2025-07-13T08:01:57: 
> fur-refer@1.0.0 test:teams:full
> npm run test:teams && firebase deploy --only hosting

2025-07-13T08:02:08: 2025-07-13T08:02:08: 
> fur-refer@1.0.0 test:teams:full
> npm run test:teams && firebase deploy --only hosting

2025-07-13T08:02:20: 2025-07-13T08:02:20: 2025-07-13T08:02:20: 
> fur-refer@1.0.0 test:teams:full
> npm run test:teams && firebase deploy --only hosting

2025-07-13T08:02:31: 2025-07-13T08:02:32: 
> fur-refer@1.0.0 test:teams:full
> npm run test:teams && firebase deploy --only hosting

2025-07-13T08:02:43: 2025-07-13T08:02:43: 
> fur-refer@1.0.0 test:teams:full
> npm run test:teams && firebase deploy --only hosting

2025-07-13T08:02:55: 2025-07-13T08:02:55: 
> fur-refer@1.0.0 test:teams:full
> npm run test:teams && firebase deploy --only hosting

2025-07-13T08:03:07: 2025-07-13T08:03:07: 2025-07-13T08:03:07: 
> fur-refer@1.0.0 test:teams:full
> npm run test:teams && firebase deploy --only hosting

2025-07-13T08:03:18: 2025-07-13T08:03:18: 2025-07-13T08:03:19: 
> fur-refer@1.0.0 test:teams:full
> npm run test:teams && firebase deploy --only hosting

2025-07-13T08:03:30: 2025-07-13T08:03:30: 
> fur-refer@1.0.0 test:teams:full
> npm run test:teams && firebase deploy --only hosting

2025-07-13T08:03:42: 2025-07-13T08:03:42: 
> fur-refer@1.0.0 test:teams:full
> npm run test:teams && firebase deploy --only hosting

2025-07-13T08:03:54: 2025-07-13T08:03:54: 
> fur-refer@1.0.0 test:teams:full
> npm run test:teams && firebase deploy --only hosting

2025-07-13T08:04:06: 2025-07-13T08:04:06: 
> fur-refer@1.0.0 test:teams:full
> npm run test:teams && firebase deploy --only hosting

2025-07-13T08:04:17: 2025-07-13T08:04:17: 
> fur-refer@1.0.0 test:teams:full
> npm run test:teams && firebase deploy --only hosting

2025-07-13T08:04:29: 2025-07-13T08:04:29: 
> fur-refer@1.0.0 test:teams:full
> npm run test:teams && firebase deploy --only hosting

2025-07-13T08:04:41: 2025-07-13T08:04:41: 
> fur-refer@1.0.0 test:teams:full
> npm run test:teams && firebase deploy --only hosting

2025-07-13T08:04:52: 2025-07-13T08:04:52: 2025-07-13T08:04:52: 
> fur-refer@1.0.0 test:teams:full
> npm run test:teams && firebase deploy --only hosting

2025-07-13T08:05:04: 2025-07-13T08:05:04: 
> fur-refer@1.0.0 test:teams:full
> npm run test:teams && firebase deploy --only hosting

2025-07-13T08:05:16: 2025-07-13T08:05:16: 
> fur-refer@1.0.0 test:teams:full
> npm run test:teams && firebase deploy --only hosting

2025-07-13T08:05:28: 2025-07-13T08:05:28: 
> fur-refer@1.0.0 test:teams:full
> npm run test:teams && firebase deploy --only hosting

2025-07-13T08:05:39: 2025-07-13T08:05:40: 
> fur-refer@1.0.0 test:teams:full
> npm run test:teams && firebase deploy --only hosting

2025-07-13T08:05:51: 2025-07-13T08:05:51: 2025-07-13T08:05:51: 
> fur-refer@1.0.0 test:teams:full
> npm run test:teams && firebase deploy --only hosting

2025-07-13T08:06:03: 2025-07-13T08:06:03: 
> fur-refer@1.0.0 test:teams:full
> npm run test:teams && firebase deploy --only hosting

2025-07-13T08:06:15: 2025-07-13T08:06:15: 
> fur-refer@1.0.0 test:teams:full
> npm run test:teams && firebase deploy --only hosting

2025-07-13T08:06:26: 2025-07-13T08:06:26: 
> fur-refer@1.0.0 test:teams:full
> npm run test:teams && firebase deploy --only hosting

2025-07-13T08:06:38: 2025-07-13T08:06:38: 
> fur-refer@1.0.0 test:teams:full
> npm run test:teams && firebase deploy --only hosting

2025-07-13T08:06:50: 2025-07-13T08:06:50: 
> fur-refer@1.0.0 test:teams:full
> npm run test:teams && firebase deploy --only hosting

2025-07-13T08:07:02: 2025-07-13T08:07:02: 
> fur-refer@1.0.0 test:teams:full
> npm run test:teams && firebase deploy --only hosting

2025-07-13T08:07:13: 2025-07-13T08:07:13: 
> fur-refer@1.0.0 test:teams:full
> npm run test:teams && firebase deploy --only hosting

2025-07-13T08:07:25: 2025-07-13T08:07:25: 
> fur-refer@1.0.0 test:teams:full
> npm run test:teams && firebase deploy --only hosting

2025-07-13T08:07:37: 2025-07-13T08:07:37: 
> fur-refer@1.0.0 test:teams:full
> npm run test:teams && firebase deploy --only hosting

2025-07-13T08:07:48: 2025-07-13T08:07:49: 
> fur-refer@1.0.0 test:teams:full
> npm run test:teams && firebase deploy --only hosting

2025-07-13T08:08:00: 2025-07-13T08:08:00: 2025-07-13T08:08:00: 
> fur-refer@1.0.0 test:teams:full
> npm run test:teams && firebase deploy --only hosting

2025-07-13T08:08:12: 2025-07-13T08:08:12: 
> fur-refer@1.0.0 test:teams:full
> npm run test:teams && firebase deploy --only hosting

2025-07-13T08:08:24: 2025-07-13T08:08:24: 
> fur-refer@1.0.0 test:teams:full
> npm run test:teams && firebase deploy --only hosting

2025-07-13T08:08:35: 2025-07-13T08:08:36: 
> fur-refer@1.0.0 test:teams:full
> npm run test:teams && firebase deploy --only hosting

2025-07-13T08:08:47: 2025-07-13T08:08:47: 
> fur-refer@1.0.0 test:teams:full
> npm run test:teams && firebase deploy --only hosting

2025-07-13T08:08:59: 2025-07-13T08:08:59: 
> fur-refer@1.0.0 test:teams:full
> npm run test:teams && firebase deploy --only hosting

2025-07-13T08:09:11: 2025-07-13T08:09:11: 
> fur-refer@1.0.0 test:teams:full
> npm run test:teams && firebase deploy --only hosting

2025-07-13T08:09:22: 2025-07-13T08:09:22: 
> fur-refer@1.0.0 test:teams:full
> npm run test:teams && firebase deploy --only hosting

2025-07-13T08:09:34: 2025-07-13T08:09:34: 
> fur-refer@1.0.0 test:teams:full
> npm run test:teams && firebase deploy --only hosting

2025-07-13T08:09:46: 2025-07-13T08:09:46: 
> fur-refer@1.0.0 test:teams:full
> npm run test:teams && firebase deploy --only hosting

2025-07-13T08:09:57: 2025-07-13T08:09:58: 
> fur-refer@1.0.0 test:teams:full
> npm run test:teams && firebase deploy --only hosting

2025-07-13T08:10:09: 2025-07-13T08:10:09: 
> fur-refer@1.0.0 test:teams:full
> npm run test:teams && firebase deploy --only hosting

2025-07-13T08:10:21: 2025-07-13T08:10:21: 
> fur-refer@1.0.0 test:teams:full
> npm run test:teams && firebase deploy --only hosting

2025-07-13T08:10:33: 2025-07-13T08:10:33: 2025-07-13T08:10:33: 
> fur-refer@1.0.0 test:teams:full
> npm run test:teams && firebase deploy --only hosting

2025-07-13T08:10:44: 2025-07-13T08:10:44: 
> fur-refer@1.0.0 test:teams:full
> npm run test:teams && firebase deploy --only hosting

2025-07-13T08:10:56: 2025-07-13T08:10:56: 2025-07-13T08:10:56: 
> fur-refer@1.0.0 test:teams:full
> npm run test:teams && firebase deploy --only hosting

2025-07-13T08:11:08: 2025-07-13T08:11:08: 
> fur-refer@1.0.0 test:teams:full
> npm run test:teams && firebase deploy --only hosting

2025-07-13T08:11:20: 2025-07-13T08:11:20: 2025-07-13T08:11:20: 
> fur-refer@1.0.0 test:teams:full
> npm run test:teams && firebase deploy --only hosting

2025-07-13T08:11:31: 2025-07-13T08:11:31: 
> fur-refer@1.0.0 test:teams:full
> npm run test:teams && firebase deploy --only hosting

2025-07-13T08:11:43: 2025-07-13T08:11:43: 2025-07-13T08:11:43: 
> fur-refer@1.0.0 test:teams:full
> npm run test:teams && firebase deploy --only hosting

2025-07-13T08:11:55: 2025-07-13T08:11:55: 
> fur-refer@1.0.0 test:teams:full
> npm run test:teams && firebase deploy --only hosting

2025-07-13T08:12:07: 2025-07-13T08:12:07: 
> fur-refer@1.0.0 test:teams:full
> npm run test:teams && firebase deploy --only hosting

2025-07-13T08:12:19: 2025-07-13T08:12:19: 
> fur-refer@1.0.0 test:teams:full
> npm run test:teams && firebase deploy --only hosting

2025-07-13T08:12:31: 2025-07-13T08:12:31: 
> fur-refer@1.0.0 test:teams:full
> npm run test:teams && firebase deploy --only hosting

2025-07-13T08:12:42: 2025-07-13T08:12:42: 2025-07-13T08:12:42: 
> fur-refer@1.0.0 test:teams:full
> npm run test:teams && firebase deploy --only hosting

2025-07-13T08:12:54: 2025-07-13T08:12:54: 
> fur-refer@1.0.0 test:teams:full
> npm run test:teams && firebase deploy --only hosting

2025-07-13T08:13:06: 2025-07-13T08:13:06: 
> fur-refer@1.0.0 test:teams:full
> npm run test:teams && firebase deploy --only hosting

2025-07-13T08:13:18: 2025-07-13T08:13:18: 2025-07-13T08:13:18: 
> fur-refer@1.0.0 test:teams:full
> npm run test:teams && firebase deploy --only hosting

2025-07-13T08:13:29: 2025-07-13T08:13:29: 
> fur-refer@1.0.0 test:teams:full
> npm run test:teams && firebase deploy --only hosting

2025-07-13T08:13:41: 2025-07-13T08:13:41: 
> fur-refer@1.0.0 test:teams:full
> npm run test:teams && firebase deploy --only hosting

2025-07-13T08:13:53: 2025-07-13T08:13:53: 2025-07-13T08:13:53: 
> fur-refer@1.0.0 test:teams:full
> npm run test:teams && firebase deploy --only hosting

2025-07-13T08:14:04: 2025-07-13T08:14:04: 
> fur-refer@1.0.0 test:teams:full
> npm run test:teams && firebase deploy --only hosting

2025-07-13T08:14:16: 2025-07-13T08:14:16: 2025-07-13T08:14:16: 
> fur-refer@1.0.0 test:teams:full
> npm run test:teams && firebase deploy --only hosting

2025-07-13T08:14:27: 2025-07-13T08:14:28: 
> fur-refer@1.0.0 test:teams:full
> npm run test:teams && firebase deploy --only hosting

2025-07-13T08:14:39: 2025-07-13T08:14:39: 
> fur-refer@1.0.0 test:teams:full
> npm run test:teams && firebase deploy --only hosting

2025-07-13T08:14:51: 2025-07-13T08:14:51: 
> fur-refer@1.0.0 test:teams:full
> npm run test:teams && firebase deploy --only hosting

2025-07-13T08:15:00: 
> fur-refer@1.0.0 test:teams:full
> npm run test:teams && firebase deploy --only hosting

2025-07-13T08:15:11: 2025-07-13T08:15:11: 
> fur-refer@1.0.0 test:teams:full
> npm run test:teams && firebase deploy --only hosting

2025-07-13T08:15:23: 2025-07-13T08:15:23: 
> fur-refer@1.0.0 test:teams:full
> npm run test:teams && firebase deploy --only hosting

2025-07-13T08:15:34: 2025-07-13T08:15:34: 2025-07-13T08:15:35: 
> fur-refer@1.0.0 test:teams:full
> npm run test:teams && firebase deploy --only hosting

2025-07-13T08:15:46: 2025-07-13T08:15:46: 
> fur-refer@1.0.0 test:teams:full
> npm run test:teams && firebase deploy --only hosting

2025-07-13T08:26:27: 2025-07-13T08:26:27: 
> fur-refer@1.0.0 test:teams:full
> npm run test:teams && firebase deploy --only hosting

2025-07-13T08:26:39: 2025-07-13T08:26:39: 
> fur-refer@1.0.0 test:teams:full
> npm run test:teams && firebase deploy --only hosting

2025-07-13T08:26:51: 2025-07-13T08:26:51: 
> fur-refer@1.0.0 test:teams:full
> npm run test:teams && firebase deploy --only hosting

2025-07-13T08:27:02: 2025-07-13T08:27:03: 
> fur-refer@1.0.0 test:teams:full
> npm run test:teams && firebase deploy --only hosting

2025-07-13T08:27:14: 2025-07-13T08:27:14: 
> fur-refer@1.0.0 test:teams:full
> npm run test:teams && firebase deploy --only hosting

2025-07-13T08:27:26: 2025-07-13T08:27:26: 
> fur-refer@1.0.0 test:teams:full
> npm run test:teams && firebase deploy --only hosting

2025-07-13T08:27:38: 2025-07-13T08:27:38: 
> fur-refer@1.0.0 test:teams:full
> npm run test:teams && firebase deploy --only hosting

2025-07-13T08:27:49: 2025-07-13T08:27:49: 
> fur-refer@1.0.0 test:teams:full
> npm run test:teams && firebase deploy --only hosting

2025-07-13T08:28:01: 2025-07-13T08:28:01: 
> fur-refer@1.0.0 test:teams:full
> npm run test:teams && firebase deploy --only hosting

2025-07-13T08:28:13: 2025-07-13T08:28:13: 
> fur-refer@1.0.0 test:teams:full
> npm run test:teams && firebase deploy --only hosting

2025-07-13T08:28:24: 2025-07-13T08:28:25: 
> fur-refer@1.0.0 test:teams:full
> npm run test:teams && firebase deploy --only hosting

2025-07-13T08:28:36: 2025-07-13T08:28:36: 
> fur-refer@1.0.0 test:teams:full
> npm run test:teams && firebase deploy --only hosting

2025-07-13T08:28:48: 2025-07-13T08:28:48: 
> fur-refer@1.0.0 test:teams:full
> npm run test:teams && firebase deploy --only hosting

2025-07-13T08:28:59: 2025-07-13T08:29:00: 
> fur-refer@1.0.0 test:teams:full
> npm run test:teams && firebase deploy --only hosting

2025-07-13T08:29:11: 2025-07-13T08:29:11: 
> fur-refer@1.0.0 test:teams:full
> npm run test:teams && firebase deploy --only hosting

2025-07-13T08:29:23: 2025-07-13T08:29:23: 
> fur-refer@1.0.0 test:teams:full
> npm run test:teams && firebase deploy --only hosting

2025-07-13T08:29:35: 2025-07-13T08:29:35: 
> fur-refer@1.0.0 test:teams:full
> npm run test:teams && firebase deploy --only hosting

2025-07-13T08:29:46: 
> fur-refer@1.0.0 test:teams:full
> npm run test:teams && firebase deploy --only hosting

2025-07-13T08:29:57: 2025-07-13T08:29:58: 
> fur-refer@1.0.0 test:teams:full
> npm run test:teams && firebase deploy --only hosting

2025-07-13T08:30:01: 
> fur-refer@1.0.0 test:teams:full
> npm run test:teams && firebase deploy --only hosting

2025-07-13T08:30:13: 2025-07-13T08:30:13: 
> fur-refer@1.0.0 test:teams:full
> npm run test:teams && firebase deploy --only hosting

2025-07-13T08:30:25: 2025-07-13T08:30:25: 
> fur-refer@1.0.0 test:teams:full
> npm run test:teams && firebase deploy --only hosting

2025-07-13T08:30:36: 2025-07-13T08:30:36: 
> fur-refer@1.0.0 test:teams:full
> npm run test:teams && firebase deploy --only hosting

2025-07-13T08:30:48: 2025-07-13T08:30:48: 
> fur-refer@1.0.0 test:teams:full
> npm run test:teams && firebase deploy --only hosting

2025-07-13T08:31:00: 2025-07-13T08:31:00: 
> fur-refer@1.0.0 test:teams:full
> npm run test:teams && firebase deploy --only hosting

2025-07-13T08:31:11: 2025-07-13T08:31:12: 
> fur-refer@1.0.0 test:teams:full
> npm run test:teams && firebase deploy --only hosting

2025-07-13T08:31:23: 2025-07-13T08:31:23: 
> fur-refer@1.0.0 test:teams:full
> npm run test:teams && firebase deploy --only hosting

2025-07-13T08:31:35: 2025-07-13T08:31:35: 
> fur-refer@1.0.0 test:teams:full
> npm run test:teams && firebase deploy --only hosting

2025-07-13T08:31:47: 2025-07-13T08:31:47: 
> fur-refer@1.0.0 test:teams:full
> npm run test:teams && firebase deploy --only hosting

2025-07-13T08:31:58: 2025-07-13T08:31:58: 
> fur-refer@1.0.0 test:teams:full
> npm run test:teams && firebase deploy --only hosting

2025-07-13T08:32:10: 2025-07-13T08:32:10: 2025-07-13T08:32:10: 
> fur-refer@1.0.0 test:teams:full
> npm run test:teams && firebase deploy --only hosting

2025-07-13T08:32:22: 2025-07-13T08:32:22: 
> fur-refer@1.0.0 test:teams:full
> npm run test:teams && firebase deploy --only hosting

2025-07-13T08:32:33: 2025-07-13T08:32:33: 2025-07-13T08:32:33: 
> fur-refer@1.0.0 test:teams:full
> npm run test:teams && firebase deploy --only hosting

2025-07-13T08:32:45: 2025-07-13T08:32:45: 2025-07-13T08:32:45: 
> fur-refer@1.0.0 test:teams:full
> npm run test:teams && firebase deploy --only hosting

2025-07-13T08:32:57: 2025-07-13T08:32:57: 
> fur-refer@1.0.0 test:teams:full
> npm run test:teams && firebase deploy --only hosting

2025-07-13T08:33:08: 2025-07-13T08:33:09: 
> fur-refer@1.0.0 test:teams:full
> npm run test:teams && firebase deploy --only hosting

2025-07-13T08:33:20: 2025-07-13T08:33:20: 
> fur-refer@1.0.0 test:teams:full
> npm run test:teams && firebase deploy --only hosting

2025-07-13T08:33:32: 2025-07-13T08:33:32: 
> fur-refer@1.0.0 test:teams:full
> npm run test:teams && firebase deploy --only hosting

2025-07-13T08:33:44: 2025-07-13T08:33:44: 
> fur-refer@1.0.0 test:teams:full
> npm run test:teams && firebase deploy --only hosting

2025-07-13T08:33:55: 2025-07-13T08:33:55: 2025-07-13T08:33:55: 
> fur-refer@1.0.0 test:teams:full
> npm run test:teams && firebase deploy --only hosting

2025-07-13T08:34:07: 2025-07-13T08:34:07: 
> fur-refer@1.0.0 test:teams:full
> npm run test:teams && firebase deploy --only hosting

2025-07-13T08:34:19: 2025-07-13T08:34:19: 2025-07-13T08:34:19: 
> fur-refer@1.0.0 test:teams:full
> npm run test:teams && firebase deploy --only hosting

2025-07-13T08:34:30: 2025-07-13T08:34:30: 
> fur-refer@1.0.0 test:teams:full
> npm run test:teams && firebase deploy --only hosting

2025-07-13T08:34:42: 2025-07-13T08:34:42: 
> fur-refer@1.0.0 test:teams:full
> npm run test:teams && firebase deploy --only hosting

2025-07-13T08:34:54: 2025-07-13T08:34:54: 
> fur-refer@1.0.0 test:teams:full
> npm run test:teams && firebase deploy --only hosting

2025-07-13T08:35:05: 2025-07-13T08:35:05: 
> fur-refer@1.0.0 test:teams:full
> npm run test:teams && firebase deploy --only hosting

2025-07-13T08:35:17: 2025-07-13T08:35:17: 
> fur-refer@1.0.0 test:teams:full
> npm run test:teams && firebase deploy --only hosting

2025-07-13T08:35:29: 2025-07-13T08:35:29: 
> fur-refer@1.0.0 test:teams:full
> npm run test:teams && firebase deploy --only hosting

2025-07-13T08:39:50: 
> fur-refer@1.0.0 test:teams:full
> npm run test:teams && npx playwright show-report && firebase deploy --only hosting --token $FIREBASE_TOKEN

2025-07-13T08:45:00: 
> fur-refer@1.0.0 test:teams:full
> npm run test:teams && npx playwright show-report && firebase deploy --only hosting --token $FIREBASE_TOKEN

2025-07-13T09:00:00: 
> fur-refer@1.0.0 test:teams:full
> npm run test:teams && npx playwright show-report && firebase deploy --only hosting --token $FIREBASE_TOKEN

2025-07-13T09:15:00: 
> fur-refer@1.0.0 test:teams:full
> npm run test:teams && npx playwright show-report && firebase deploy --only hosting --token $FIREBASE_TOKEN

2025-07-13T09:30:00: 
> fur-refer@1.0.0 test:teams:full
> npm run test:teams && npx playwright show-report && firebase deploy --only hosting --token $FIREBASE_TOKEN

2025-07-13T10:08:40: 
> fur-refer@1.0.0 test:teams:full
> npm run test:teams && npx playwright show-report && firebase deploy --only hosting --token $FIREBASE_TOKEN

2025-07-13T10:20:07: 
> fur-refer@1.0.0 test:teams:full
> npm run test:teams && npx playwright show-report && firebase deploy --only hosting --token $FIREBASE_TOKEN

2025-07-13T11:05:12: 
> fur-refer@1.0.0 test:teams:full
> npm run test:teams && npx playwright show-report && firebase deploy --only hosting --token $FIREBASE_TOKEN

2025-07-13T11:15:00: 
> fur-refer@1.0.0 test:teams:full
> npm run test:teams && npx playwright show-report && firebase deploy --only hosting --token $FIREBASE_TOKEN

2025-07-13T11:36:53: 
> fur-refer@1.0.0 test:teams:full
> npm run test:teams && npx playwright show-report && firebase deploy --only hosting --token $FIREBASE_TOKEN

2025-07-13T19:41:39: 
> fur-refer@1.0.0 test:teams:full
> npm run test:teams && npx playwright show-report && firebase deploy --only hosting --token $FIREBASE_TOKEN

2025-07-13T19:45:00: 
> fur-refer@1.0.0 test:teams:full
> npm run test:teams && npx playwright show-report && firebase deploy --only hosting --token $FIREBASE_TOKEN

